0 info it worked if it ends with ok
1 verbose cli [ 'C:\\Program Files (x86)\\nodejs\\\\node.exe',
1 verbose cli   'C:\\Program Files (x86)\\nodejs\\node_modules\\npm\\bin\\npm-cli.js',
1 verbose cli   'install',
1 verbose cli   '-',
1 verbose cli   'g',
1 verbose cli   'bower' ]
2 info using npm@1.4.28
3 info using node@v0.10.36
4 verbose node symlink C:\Program Files (x86)\nodejs\\node.exe
5 warn package.json myhome@1.0.0 No repository field.
6 warn package.json myhome@1.0.0 No README data
7 verbose readDependencies using package.json deps
8 verbose cache add [ '-', null ]
9 verbose cache add name=undefined spec="-" args=["-",null]
10 verbose parsed url { protocol: null,
10 verbose parsed url   slashes: null,
10 verbose parsed url   auth: null,
10 verbose parsed url   host: null,
10 verbose parsed url   port: null,
10 verbose parsed url   hostname: null,
10 verbose parsed url   hash: null,
10 verbose parsed url   search: null,
10 verbose parsed url   query: null,
10 verbose parsed url   pathname: '-',
10 verbose parsed url   path: '-',
10 verbose parsed url   href: '-' }
11 verbose cache add [ 'g', null ]
12 verbose cache add name=undefined spec="g" args=["g",null]
13 verbose parsed url { protocol: null,
13 verbose parsed url   slashes: null,
13 verbose parsed url   auth: null,
13 verbose parsed url   host: null,
13 verbose parsed url   port: null,
13 verbose parsed url   hostname: null,
13 verbose parsed url   hash: null,
13 verbose parsed url   search: null,
13 verbose parsed url   query: null,
13 verbose parsed url   pathname: 'g',
13 verbose parsed url   path: 'g',
13 verbose parsed url   href: 'g' }
14 verbose cache add [ 'bower', null ]
15 verbose cache add name=undefined spec="bower" args=["bower",null]
16 verbose parsed url { protocol: null,
16 verbose parsed url   slashes: null,
16 verbose parsed url   auth: null,
16 verbose parsed url   host: null,
16 verbose parsed url   port: null,
16 verbose parsed url   hostname: null,
16 verbose parsed url   hash: null,
16 verbose parsed url   search: null,
16 verbose parsed url   query: null,
16 verbose parsed url   pathname: 'bower',
16 verbose parsed url   path: 'bower',
16 verbose parsed url   href: 'bower' }
17 silly lockFile 3bc15c8a- -
18 verbose lock - C:\Users\CLAUDIA\AppData\Roaming\npm-cache\3bc15c8a-.lock
19 silly lockFile 54fd1711-g g
20 verbose lock g C:\Users\CLAUDIA\AppData\Roaming\npm-cache\54fd1711-g.lock
21 silly lockFile 206e3ce5-bower bower
22 verbose lock bower C:\Users\CLAUDIA\AppData\Roaming\npm-cache\206e3ce5-bower.lock
23 silly lockFile 3bc15c8a- -
24 silly lockFile 3bc15c8a- -
25 silly lockFile 54fd1711-g g
26 silly lockFile 54fd1711-g g
27 verbose addNamed [ '-', '' ]
28 verbose addNamed [ null, '*' ]
29 silly lockFile c75fe0d4- -@
30 verbose lock -@ C:\Users\CLAUDIA\AppData\Roaming\npm-cache\c75fe0d4-.lock
31 verbose addNamed [ 'g', '' ]
32 verbose addNamed [ null, '*' ]
33 silly lockFile 8b047e1f-g g@
34 verbose lock g@ C:\Users\CLAUDIA\AppData\Roaming\npm-cache\8b047e1f-g.lock
35 silly addNameRange { name: '-', range: '*', hasData: false }
36 silly addNameRange { name: 'g', range: '*', hasData: false }
37 verbose request where is /-
38 verbose request registry https://registry.npmjs.org/
39 verbose request id ce3ea7434ffb74b9
40 verbose url raw /-
41 verbose url resolving [ 'https://registry.npmjs.org/', './-' ]
42 verbose url resolved https://registry.npmjs.org/-
43 verbose request where is https://registry.npmjs.org/-
44 info trying registry request attempt 1 at 18:21:06
45 http GET https://registry.npmjs.org/-
46 verbose request where is /g
47 verbose request registry https://registry.npmjs.org/
48 verbose url raw /g
49 verbose url resolving [ 'https://registry.npmjs.org/', './g' ]
50 verbose url resolved https://registry.npmjs.org/g
51 verbose request where is https://registry.npmjs.org/g
52 info trying registry request attempt 1 at 18:21:09
53 http GET https://registry.npmjs.org/g
54 silly lockFile 206e3ce5-bower bower
55 silly lockFile 206e3ce5-bower bower
56 verbose addNamed [ 'bower', '' ]
57 verbose addNamed [ null, '*' ]
58 silly lockFile 1240aab1-bower bower@
59 verbose lock bower@ C:\Users\CLAUDIA\AppData\Roaming\npm-cache\1240aab1-bower.lock
60 silly addNameRange { name: 'bower', range: '*', hasData: false }
61 verbose request where is /bower
62 verbose request registry https://registry.npmjs.org/
63 verbose url raw /bower
64 verbose url resolving [ 'https://registry.npmjs.org/', './bower' ]
65 verbose url resolved https://registry.npmjs.org/bower
66 verbose request where is https://registry.npmjs.org/bower
67 info trying registry request attempt 1 at 18:21:09
68 verbose etag "D166K4DV3FKFHHDXX16WKIR59"
69 http GET https://registry.npmjs.org/bower
70 http 200 https://registry.npmjs.org/g
71 silly registry.get cb [ 200,
71 silly registry.get   { server: 'CouchDB/1.5.0 (Erlang OTP/R16B03)',
71 silly registry.get     etag: '"8AYIUDSUHLGXZT7X52XKA2O0S"',
71 silly registry.get     'content-type': 'application/json',
71 silly registry.get     'cache-control': 'max-age=60',
71 silly registry.get     'content-length': '6814',
71 silly registry.get     'accept-ranges': 'bytes',
71 silly registry.get     date: 'Sun, 19 Jul 2015 22:51:19 GMT',
71 silly registry.get     via: '1.1 varnish',
71 silly registry.get     age: '0',
71 silly registry.get     connection: 'keep-alive',
71 silly registry.get     'x-served-by': 'cache-jfk1028-JFK',
71 silly registry.get     'x-cache': 'MISS',
71 silly registry.get     'x-cache-hits': '0',
71 silly registry.get     'x-timer': 'S1437346279.135663,VS0,VE94',
71 silly registry.get     vary: 'Accept' } ]
72 http 304 https://registry.npmjs.org/bower
73 silly registry.get cb [ 304,
73 silly registry.get   { date: 'Sun, 19 Jul 2015 22:51:25 GMT',
73 silly registry.get     via: '1.1 varnish',
73 silly registry.get     'cache-control': 'max-age=60',
73 silly registry.get     etag: '"D166K4DV3FKFHHDXX16WKIR59"',
73 silly registry.get     age: '37',
73 silly registry.get     connection: 'keep-alive',
73 silly registry.get     'x-served-by': 'cache-jfk1029-JFK',
73 silly registry.get     'x-cache': 'HIT',
73 silly registry.get     'x-cache-hits': '1',
73 silly registry.get     'x-timer': 'S1437346285.558939,VS0,VE1',
73 silly registry.get     vary: 'Accept' } ]
74 verbose etag https://registry.npmjs.org/bower from cache
75 silly addNameRange number 2 { name: 'bower', range: '*', hasData: true }
76 silly addNameRange versions [ 'bower',
76 silly addNameRange   [ '0.1.0',
76 silly addNameRange     '0.1.2',
76 silly addNameRange     '0.1.3',
76 silly addNameRange     '0.2.0',
76 silly addNameRange     '0.3.0',
76 silly addNameRange     '0.3.1',
76 silly addNameRange     '0.3.2',
76 silly addNameRange     '0.4.0',
76 silly addNameRange     '0.5.0',
76 silly addNameRange     '0.5.1',
76 silly addNameRange     '0.6.0',
76 silly addNameRange     '0.6.1',
76 silly addNameRange     '0.6.2',
76 silly addNameRange     '0.6.3',
76 silly addNameRange     '0.6.4',
76 silly addNameRange     '0.6.5',
76 silly addNameRange     '0.6.6',
76 silly addNameRange     '0.6.7',
76 silly addNameRange     '0.6.8',
76 silly addNameRange     '0.7.0',
76 silly addNameRange     '0.7.1',
76 silly addNameRange     '0.8.0',
76 silly addNameRange     '0.8.1',
76 silly addNameRange     '0.8.2',
76 silly addNameRange     '0.8.3',
76 silly addNameRange     '0.8.4',
76 silly addNameRange     '0.8.5',
76 silly addNameRange     '0.8.6',
76 silly addNameRange     '0.9.0',
76 silly addNameRange     '0.9.1',
76 silly addNameRange     '0.9.2',
76 silly addNameRange     '0.10.0',
76 silly addNameRange     '1.0.0',
76 silly addNameRange     '1.0.1',
76 silly addNameRange     '1.0.2',
76 silly addNameRange     '1.0.3',
76 silly addNameRange     '1.1.0',
76 silly addNameRange     '1.1.1',
76 silly addNameRange     '1.1.2',
76 silly addNameRange     '1.2.0',
76 silly addNameRange     '1.2.1',
76 silly addNameRange     '1.2.2',
76 silly addNameRange     '1.2.3',
76 silly addNameRange     '1.2.4',
76 silly addNameRange     '1.2.5',
76 silly addNameRange     '1.2.6',
76 silly addNameRange     '1.2.7',
76 silly addNameRange     '1.2.8',
76 silly addNameRange     '1.3.0',
76 silly addNameRange     '1.3.1',
76 silly addNameRange     '1.3.2',
76 silly addNameRange     '1.3.3',
76 silly addNameRange     '1.3.4',
76 silly addNameRange     '1.3.5',
76 silly addNameRange     '1.3.6',
76 silly addNameRange     '1.3.7',
76 silly addNameRange     '1.3.8',
76 silly addNameRange     '1.3.9',
76 silly addNameRange     '1.3.10',
76 silly addNameRange     '1.3.11',
76 silly addNameRange     '1.3.12',
76 silly addNameRange     '1.4.0',
76 silly addNameRange     '1.4.1' ] ]
77 verbose addNamed [ 'bower', '1.4.1' ]
78 verbose addNamed [ '1.4.1', '1.4.1' ]
79 silly lockFile 185f46c0-bower-1-4-1 bower@1.4.1
80 verbose lock bower@1.4.1 C:\Users\CLAUDIA\AppData\Roaming\npm-cache\185f46c0-bower-1-4-1.lock
81 silly addNameRange number 2 { name: 'g', range: '*', hasData: true }
82 silly addNameRange versions [ 'g',
82 silly addNameRange   [ '1.0.0', '1.0.1', '1.0.2', '1.0.3', '1.0.4', '1.0.5', '2.0.0' ] ]
83 verbose addNamed [ 'g', '2.0.0' ]
84 verbose addNamed [ '2.0.0', '2.0.0' ]
85 silly lockFile 228a2625-g-2-0-0 g@2.0.0
86 verbose lock g@2.0.0 C:\Users\CLAUDIA\AppData\Roaming\npm-cache\228a2625-g-2-0-0.lock
87 silly lockFile 27b4bcd3-registry-npmjs-org-g-g-2-0-0-tgz https://registry.npmjs.org/g/-/g-2.0.0.tgz
88 verbose lock https://registry.npmjs.org/g/-/g-2.0.0.tgz C:\Users\CLAUDIA\AppData\Roaming\npm-cache\27b4bcd3-registry-npmjs-org-g-g-2-0-0-tgz.lock
89 verbose addRemoteTarball [ 'https://registry.npmjs.org/g/-/g-2.0.0.tgz',
89 verbose addRemoteTarball   '7a77ca0d66b65b206ce1d362428b4b8ee6b3a420' ]
90 silly lockFile 185f46c0-bower-1-4-1 bower@1.4.1
91 silly lockFile 185f46c0-bower-1-4-1 bower@1.4.1
92 silly lockFile 1240aab1-bower bower@
93 silly lockFile 1240aab1-bower bower@
94 info retry fetch attempt 1 at 18:21:34
95 verbose fetch to= C:\Users\CLAUDIA\AppData\Local\Temp\npm-4668-p2Bf31jY\registry.npmjs.org\g\-\g-2.0.0.tgz
96 http GET https://registry.npmjs.org/g/-/g-2.0.0.tgz
97 http 404 https://registry.npmjs.org/-
98 silly registry.get cb [ 404,
98 silly registry.get   { 'content-type': 'application/json',
98 silly registry.get     'cache-control': 'max-age=0',
98 silly registry.get     'content-length': '57',
98 silly registry.get     'accept-ranges': 'bytes',
98 silly registry.get     date: 'Sun, 19 Jul 2015 22:51:34 GMT',
98 silly registry.get     via: '1.1 varnish',
98 silly registry.get     age: '0',
98 silly registry.get     connection: 'keep-alive',
98 silly registry.get     'x-served-by': 'cache-jfk1023-JFK',
98 silly registry.get     'x-cache': 'MISS',
98 silly registry.get     'x-cache-hits': '0',
98 silly registry.get     'x-timer': 'S1437346294.487658,VS0,VE82' } ]
99 silly lockFile c75fe0d4- -@
100 silly lockFile c75fe0d4- -@
101 http 200 https://registry.npmjs.org/g/-/g-2.0.0.tgz
102 silly lockFile 27b4bcd3-registry-npmjs-org-g-g-2-0-0-tgz https://registry.npmjs.org/g/-/g-2.0.0.tgz
103 silly lockFile 27b4bcd3-registry-npmjs-org-g-g-2-0-0-tgz https://registry.npmjs.org/g/-/g-2.0.0.tgz
104 silly lockFile 228a2625-g-2-0-0 g@2.0.0
105 silly lockFile 228a2625-g-2-0-0 g@2.0.0
106 silly lockFile 8b047e1f-g g@
107 silly lockFile 8b047e1f-g g@
108 error 404 Not Found
109 error System Windows_NT 6.1.7600
110 error command "C:\\Program Files (x86)\\nodejs\\\\node.exe" "C:\\Program Files (x86)\\nodejs\\node_modules\\npm\\bin\\npm-cli.js" "install" "-" "g" "bower"
111 error cwd C:\ionic\myhome
112 error node -v v0.10.36
113 error npm -v 1.4.28
114 error code E404
115 verbose exit [ 1, true ]
